android/build/module/build/intermediates/manifest_merge_blame_file/release/processReleaseManifest/manifest-merger-blame-release-report.txt
1<?xml version="1.0" encoding="utf-8"?>
2<manifest xmlns:android="http://schemas.android.com/apk/res/android"
3    xmlns:tools="http://schemas.android.com/tools"
4    package="de.marcbender.sortablegrid" >
5
6    <uses-sdk android:minSdkVersion="24" />
6-->src/main/AndroidManifest.xml:3:4-72
6-->src/main/AndroidManifest.xml:3:14-40
7
8</manifest>